[debug] [2023-12-14T09:55:51.956Z] ----------------------------------------------------------------------
[debug] [2023-12-14T09:55:51.959Z] Command:       C:\Program Files\nodejs\node.exe C:\Users\EGOLEAAUP\AppData\Roaming\npm\node_modules\firebase-tools\lib\bin\firebase.js login
[debug] [2023-12-14T09:55:51.959Z] CLI Version:   13.0.1
[debug] [2023-12-14T09:55:51.959Z] Platform:      win32
[debug] [2023-12-14T09:55:51.959Z] Node Version:  v21.1.0
[debug] [2023-12-14T09:55:51.959Z] Time:          Thu Dec 14 2023 11:55:51 GMT+0200 (Eastern European Standard Time)
[debug] [2023-12-14T09:55:51.959Z] ----------------------------------------------------------------------
[debug] 
[debug] [2023-12-14T09:55:51.962Z] >>> [apiv2][query] GET https://firebase-public.firebaseio.com/cli.json [none]
[info] i  Firebase optionally collects CLI and Emulator Suite usage and error reporting information to help improve our products. Data is collected in accordance with Google's privacy policy (https://policies.google.com/privacy) and is not used to identify you.
 
[debug] [2023-12-14T09:55:52.411Z] <<< [apiv2][status] GET https://firebase-public.firebaseio.com/cli.json 200
[debug] [2023-12-14T09:55:52.411Z] <<< [apiv2][body] GET https://firebase-public.firebaseio.com/cli.json {"cloudBuildErrorAfter":1594252800000,"cloudBuildWarnAfter":1590019200000,"defaultNode10After":1594252800000,"minVersion":"3.0.5","node8DeploysDisabledAfter":1613390400000,"node8RuntimeDisabledAfter":1615809600000,"node8WarnAfter":1600128000000}
[info] i  To change your data collection preference at any time, run `firebase logout` and log in again. 
[info] 
[info] Visit this URL on this device to log in:
[info] https://accounts.google.com/o/oauth2/auth?client_id=563584335869-fgrhgmd47bqnekij5i8b5pr03ho849e6.apps.googleusercontent.com&scope=email%20openid%20https%3A%2F%2Fwww.googleapis.com%2Fauth%2Fcloudplatformprojects.readonly%20https%3A%2F%2Fwww.googleapis.com%2Fauth%2Ffirebase%20https%3A%2F%2Fwww.googleapis.com%2Fauth%2Fcloud-platform&response_type=code&state=408385987&redirect_uri=http%3A%2F%2Flocalhost%3A9005
[info] 
[info] Waiting for authentication...
[debug] [2023-12-14T09:57:05.184Z] >>> [apiv2][query] POST https://auth.firebase.tools/attest [none]
[debug] [2023-12-14T09:57:05.184Z] >>> [apiv2][body] POST https://auth.firebase.tools/attest {"session_id":"9c1fbee2-5502-4008-9563-c33b6e741c8e"}
[debug] [2023-12-14T09:57:05.725Z] <<< [apiv2][status] POST https://auth.firebase.tools/attest 200
[debug] [2023-12-14T09:57:05.725Z] <<< [apiv2][body] POST https://auth.firebase.tools/attest {"token":"taFunKoRX5sPajvLBe2K4uP7J_zmJDOm7iByKTuOP4g"}
[info] 
[info] To sign in to the Firebase CLI:
[info] 
[info] 1. Take note of your session ID:
[info] 
[info]    9C1FB
[info] 
[info] 2. Visit the URL below on any device and follow the instructions to get your code:
[info] 
[info]    https://auth.firebase.tools/login?code_challenge=BSsKOEHDykaYv-2DS9NSK2eXZ9Wa2lHEV8HqeaPdDrs&session=9c1fbee2-5502-4008-9563-c33b6e741c8e&attest=taFunKoRX5sPajvLBe2K4uP7J_zmJDOm7iByKTuOP4g
[info] 
[info] 3. Paste or enter the authorization code below once you have it:
[info] 
